<?xml version="1.0" encoding="UTF-8"?>
<!-- Generated by org.testng.reporters.JUnitXMLReporter -->
<testsuite hostname="lenovo" name="Test SuiteA" tests="6" failures="1" timestamp="30 Jun 2016 12:46:30 GMT" time="0.038" errors="0">
  <testcase name="testA1_1" time="0.01" classname="reportSuiteA.TestA1"/>
  <testcase name="testA1_2" time="0.002" classname="reportSuiteA.TestA1">
    <failure type="java.lang.AssertionError" message="Faliure Message">
      <![CDATA[java.lang.AssertionError: Faliure Message
	at reportSuiteA.TestA1.testA1_2(TestA1.java:16)
... Removed 26 stack frames]]>
    </failure>
  </testcase> <!-- testA1_2 -->
  <testcase name="testA1_3" time="0.0" classname="reportSuiteA.TestA1"/>
  <testcase name="testA2_1" time="0.001" classname="reportSuiteA.TestA2"/>
  <testcase name="testA2_2" time="0.0" classname="reportSuiteA.TestA2"/>
  <testcase name="testA2_3" time="0.001" classname="reportSuiteA.TestA2"/>
</testsuite> <!-- Test SuiteA -->
